{"/home/sco_nuff/hexlet_project/frontend/frontend-project-46/src/index.js": {"path":"/home/sco_nuff/hexlet_project/frontend/frontend-project-46/src/index.js","all":false,"statementMap":{"0":{"start":{"line":1,"column":0},"end":{"line":1,"column":20}},"1":{"start":{"line":2,"column":0},"end":{"line":2,"column":23}},"2":{"start":{"line":3,"column":0},"end":{"line":3,"column":0}},"3":{"start":{"line":4,"column":0},"end":{"line":4,"column":32}},"4":{"start":{"line":5,"column":0},"end":{"line":5,"column":44}},"5":{"start":{"line":6,"column":0},"end":{"line":6,"column":39}},"6":{"start":{"line":7,"column":0},"end":{"line":7,"column":16}},"7":{"start":{"line":8,"column":0},"end":{"line":8,"column":3}},"8":{"start":{"line":9,"column":0},"end":{"line":9,"column":50}},"9":{"start":{"line":10,"column":0},"end":{"line":10,"column":2}},"10":{"start":{"line":11,"column":0},"end":{"line":11,"column":0}},"11":{"start":{"line":12,"column":0},"end":{"line":12,"column":35}},"12":{"start":{"line":13,"column":0},"end":{"line":13,"column":40}},"13":{"start":{"line":14,"column":0},"end":{"line":14,"column":41}},"14":{"start":{"line":15,"column":0},"end":{"line":15,"column":0}},"15":{"start":{"line":16,"column":0},"end":{"line":16,"column":39}},"16":{"start":{"line":17,"column":0},"end":{"line":17,"column":40}},"17":{"start":{"line":18,"column":0},"end":{"line":18,"column":61}},"18":{"start":{"line":19,"column":0},"end":{"line":19,"column":0}},"19":{"start":{"line":20,"column":0},"end":{"line":20,"column":47}},"20":{"start":{"line":21,"column":0},"end":{"line":21,"column":17}},"21":{"start":{"line":22,"column":0},"end":{"line":22,"column":53}},"22":{"start":{"line":23,"column":0},"end":{"line":23,"column":47}},"23":{"start":{"line":24,"column":0},"end":{"line":24,"column":47}},"24":{"start":{"line":25,"column":0},"end":{"line":25,"column":14}},"25":{"start":{"line":26,"column":0},"end":{"line":26,"column":49}},"26":{"start":{"line":27,"column":0},"end":{"line":27,"column":48}},"27":{"start":{"line":28,"column":0},"end":{"line":28,"column":7}},"28":{"start":{"line":29,"column":0},"end":{"line":29,"column":5}},"29":{"start":{"line":30,"column":0},"end":{"line":30,"column":54}},"30":{"start":{"line":31,"column":0},"end":{"line":31,"column":45}},"31":{"start":{"line":32,"column":0},"end":{"line":32,"column":5}},"32":{"start":{"line":33,"column":0},"end":{"line":33,"column":54}},"33":{"start":{"line":34,"column":0},"end":{"line":34,"column":46}},"34":{"start":{"line":35,"column":0},"end":{"line":35,"column":5}},"35":{"start":{"line":36,"column":0},"end":{"line":36,"column":15}},"36":{"start":{"line":37,"column":0},"end":{"line":37,"column":5}},"37":{"start":{"line":38,"column":0},"end":{"line":38,"column":47}},"38":{"start":{"line":39,"column":0},"end":{"line":39,"column":38}},"39":{"start":{"line":40,"column":0},"end":{"line":40,"column":2}},"40":{"start":{"line":41,"column":0},"end":{"line":41,"column":0}},"41":{"start":{"line":42,"column":0},"end":{"line":42,"column":33}}},"s":{"0":1,"1":1,"2":1,"3":1,"4":3,"5":3,"6":0,"7":0,"8":3,"9":3,"10":1,"11":1,"12":1,"13":1,"14":1,"15":1,"16":1,"17":1,"18":1,"19":1,"20":5,"21":5,"22":2,"23":1,"24":1,"25":1,"26":1,"27":1,"28":2,"29":5,"30":2,"31":2,"32":5,"33":1,"34":1,"35":5,"36":1,"37":1,"38":1,"39":1,"40":1,"41":1},"branchMap":{"0":{"type":"branch","line":4,"loc":{"start":{"line":4,"column":22},"end":{"line":10,"column":2}},"locations":[{"start":{"line":4,"column":22},"end":{"line":10,"column":2}}]},"1":{"type":"branch","line":6,"loc":{"start":{"line":6,"column":38},"end":{"line":8,"column":3}},"locations":[{"start":{"line":6,"column":38},"end":{"line":8,"column":3}}]},"2":{"type":"branch","line":12,"loc":{"start":{"line":12,"column":16},"end":{"line":40,"column":2}},"locations":[{"start":{"line":12,"column":16},"end":{"line":40,"column":2}}]},"3":{"type":"branch","line":20,"loc":{"start":{"line":20,"column":38},"end":{"line":37,"column":3}},"locations":[{"start":{"line":20,"column":38},"end":{"line":37,"column":3}}]},"4":{"type":"branch","line":22,"loc":{"start":{"line":22,"column":27},"end":{"line":22,"column":50}},"locations":[{"start":{"line":22,"column":27},"end":{"line":22,"column":50}}]},"5":{"type":"branch","line":22,"loc":{"start":{"line":22,"column":52},"end":{"line":29,"column":5}},"locations":[{"start":{"line":22,"column":52},"end":{"line":29,"column":5}}]},"6":{"type":"branch","line":23,"loc":{"start":{"line":23,"column":46},"end":{"line":28,"column":7}},"locations":[{"start":{"line":23,"column":46},"end":{"line":28,"column":7}}]},"7":{"type":"branch","line":30,"loc":{"start":{"line":30,"column":27},"end":{"line":30,"column":51}},"locations":[{"start":{"line":30,"column":27},"end":{"line":30,"column":51}}]},"8":{"type":"branch","line":30,"loc":{"start":{"line":30,"column":53},"end":{"line":32,"column":5}},"locations":[{"start":{"line":30,"column":53},"end":{"line":32,"column":5}}]},"9":{"type":"branch","line":33,"loc":{"start":{"line":33,"column":28},"end":{"line":33,"column":51}},"locations":[{"start":{"line":33,"column":28},"end":{"line":33,"column":51}}]},"10":{"type":"branch","line":33,"loc":{"start":{"line":33,"column":53},"end":{"line":35,"column":5}},"locations":[{"start":{"line":33,"column":53},"end":{"line":35,"column":5}}]}},"b":{"0":[3],"1":[0],"2":[1],"3":[5],"4":[4],"5":[2],"6":[1],"7":[4],"8":[2],"9":[1],"10":[1]},"fnMap":{"0":{"name":"getParseFile","decl":{"start":{"line":4,"column":22},"end":{"line":10,"column":2}},"loc":{"start":{"line":4,"column":22},"end":{"line":10,"column":2}},"line":4},"1":{"name":"genDiff","decl":{"start":{"line":12,"column":16},"end":{"line":40,"column":2}},"loc":{"start":{"line":12,"column":16},"end":{"line":40,"column":2}},"line":12}},"f":{"0":3,"1":1}}
}
