TN:
SF:src/index.js
FN:4,getParseFile
FN:12,genDiff
FNF:2
FNH:2
FNDA:3,getParseFile
FNDA:1,genDiff
DA:1,1
DA:2,1
DA:3,1
DA:4,1
DA:5,3
DA:6,3
DA:7,0
DA:8,0
DA:9,3
DA:10,3
DA:11,1
DA:12,1
DA:13,1
DA:14,1
DA:15,1
DA:16,1
DA:17,1
DA:18,1
DA:19,1
DA:20,1
DA:21,5
DA:22,5
DA:23,2
DA:24,1
DA:25,1
DA:26,1
DA:27,1
DA:28,1
DA:29,2
DA:30,5
DA:31,2
DA:32,2
DA:33,5
DA:34,1
DA:35,1
DA:36,5
DA:37,1
DA:38,1
DA:39,1
DA:40,1
DA:41,1
DA:42,1
LF:42
LH:40
BRDA:4,0,0,3
BRDA:6,1,0,0
BRDA:12,2,0,1
BRDA:20,3,0,5
BRDA:22,4,0,4
BRDA:22,5,0,2
BRDA:23,6,0,1
BRDA:30,7,0,4
BRDA:30,8,0,2
BRDA:33,9,0,1
BRDA:33,10,0,1
BRF:11
BRH:10
end_of_record
